INFO main eBanking - URL is opened
INFO main eBanking - Entered Username
INFO main eBanking - Entered Password
INFO main eBanking - Login Test Passed
INFO main eBanking - URL is opened
INFO main eBanking - Entered Username
INFO main eBanking - Entered Password
INFO main eBanking - Login Test Passed
INFO main eBanking - URL is opened
INFO main eBanking - Entered Username
INFO main eBanking - Entered Password
INFO main eBanking - Login Test Passed
INFO main eBanking - Username Provided
INFO main eBanking - Password Provided
INFO main eBanking - Username Provided
INFO main eBanking - Password Provided
INFO main eBanking - Username Provided
INFO main eBanking - Password Provided
INFO main eBanking - Username Provided
INFO main eBanking - Password Provided
INFO main eBanking - URL is opened
INFO main eBanking - Entered Username
INFO main eBanking - Entered Password
INFO main eBanking - Login Test Passed
INFO main eBanking - URL is opened
INFO main eBanking - Entered Username
INFO main eBanking - Entered Password
INFO main eBanking - Login Test Passed
INFO main eBanking - Username Provided
INFO main eBanking - Password Provided
INFO main eBanking - Login Passed
INFO main eBanking - Username Provided
INFO main eBanking - Password Provided
INFO main eBanking - Login Passed
INFO main eBanking - Username Provided
INFO main eBanking - Password Provided
INFO main eBanking - Login Passed
INFO main eBanking - Username Provided
INFO main eBanking - Password Provided
INFO main eBanking - Login Passed
INFO main eBanking - Username Provided
INFO main eBanking - Password Provided
INFO main eBanking - Login Passed
INFO main eBanking - Username Provided
INFO main eBanking - Username Provided
INFO main eBanking - Password Provided
INFO main eBanking - Login Passed
INFO main eBanking - Username Provided
INFO main eBanking - Password Provided
INFO main eBanking - Login Passed
INFO main eBanking - Username Provided
INFO main eBanking - Password Provided
INFO main eBanking - Login Passed
INFO main eBanking - Username Provided
INFO main eBanking - Password Provided
INFO main eBanking - Login Passed
INFO main eBanking - Username Provided
INFO main eBanking - Username Provided
INFO main eBanking - Password Provided
INFO main eBanking - Login Passed
